/!\ FAILSAFE /!\  2010-04-20 18:45:53 +0100
  Status: 500 Internal Server Error
  no such file to load -- sqlite3
    C:/Ruby19/lib/ruby/gems/1.9.1/gems/activesupport-2.3.5/lib/active_support/dependencies.rb:156:in `require'
    C:/Ruby19/lib/ruby/gems/1.9.1/gems/activesupport-2.3.5/lib/active_support/dependencies.rb:156:in `block in require'
    C:/Ruby19/lib/ruby/gems/1.9.1/gems/activesupport-2.3.5/lib/active_support/dependencies.rb:521:in `new_constants_in'
    C:/Ruby19/lib/ruby/gems/1.9.1/gems/activesupport-2.3.5/lib/active_support/dependencies.rb:156:in `require'
    C:/Ruby19/lib/ruby/gems/1.9.1/gems/activesupport-2.3.5/lib/active_support/core_ext/kernel/requires.rb:7:in `block in require_library_or_gem'
    C:/Ruby19/lib/ruby/gems/1.9.1/gems/activesupport-2.3.5/lib/active_support/core_ext/kernel/reporting.rb:11:in `silence_warnings'
    C:/Ruby19/lib/ruby/gems/1.9.1/gems/activesupport-2.3.5/lib/active_support/core_ext/kernel/requires.rb:5:in `require_library_or_gem'
    C:/Ruby19/lib/ruby/gems/1.9.1/gems/activerecord-2.3.5/lib/active_record/connection_adapters/sqlite3_adapter.rb:10:in `sqlite3_connection'
    C:/Ruby19/lib/ruby/gems/1.9.1/gems/activerecord-2.3.5/lib/active_record/connection_adapters/abstract/connection_pool.rb:223:in `new_connection'
    C:/Ruby19/lib/ruby/gems/1.9.1/gems/activerecord-2.3.5/lib/active_record/connection_adapters/abstract/connection_pool.rb:245:in `checkout_new_connection'
    C:/Ruby19/lib/ruby/gems/1.9.1/gems/activerecord-2.3.5/lib/active_record/connection_adapters/abstract/connection_pool.rb:188:in `block (2 levels) in checkout'
    C:/Ruby19/lib/ruby/gems/1.9.1/gems/activerecord-2.3.5/lib/active_record/connection_adapters/abstract/connection_pool.rb:184:in `loop'
    C:/Ruby19/lib/ruby/gems/1.9.1/gems/activerecord-2.3.5/lib/active_record/connection_adapters/abstract/connection_pool.rb:184:in `block in checkout'
    C:/Ruby19/lib/ruby/1.9.1/monitor.rb:190:in `mon_synchronize'
    C:/Ruby19/lib/ruby/gems/1.9.1/gems/activerecord-2.3.5/lib/active_record/connection_adapters/abstract/connection_pool.rb:183:in `checkout'
    C:/Ruby19/lib/ruby/gems/1.9.1/gems/activerecord-2.3.5/lib/active_record/connection_adapters/abstract/connection_pool.rb:98:in `connection'
    C:/Ruby19/lib/ruby/gems/1.9.1/gems/activerecord-2.3.5/lib/active_record/connection_adapters/abstract/connection_pool.rb:326:in `retrieve_connection'
    C:/Ruby19/lib/ruby/gems/1.9.1/gems/activerecord-2.3.5/lib/active_record/connection_adapters/abstract/connection_specification.rb:123:in `retrieve_connection'
    C:/Ruby19/lib/ruby/gems/1.9.1/gems/activerecord-2.3.5/lib/active_record/connection_adapters/abstract/connection_specification.rb:115:in `connection'
    C:/Ruby19/lib/ruby/gems/1.9.1/gems/activerecord-2.3.5/lib/active_record/query_cache.rb:9:in `cache'
    C:/Ruby19/lib/ruby/gems/1.9.1/gems/activerecord-2.3.5/lib/active_record/query_cache.rb:28:in `call'
    C:/Ruby19/lib/ruby/gems/1.9.1/gems/activerecord-2.3.5/lib/active_record/connection_adapters/abstract/connection_pool.rb:361:in `call'
    C:/Ruby19/lib/ruby/gems/1.9.1/gems/actionpack-2.3.5/lib/action_controller/string_coercion.rb:25:in `call'
    C:/Ruby19/lib/ruby/gems/1.9.1/gems/rack-1.0.1/lib/rack/head.rb:9:in `call'
    C:/Ruby19/lib/ruby/gems/1.9.1/gems/rack-1.0.1/lib/rack/methodoverride.rb:24:in `call'
    C:/Ruby19/lib/ruby/gems/1.9.1/gems/actionpack-2.3.5/lib/action_controller/params_parser.rb:15:in `call'
    C:/Ruby19/lib/ruby/gems/1.9.1/gems/actionpack-2.3.5/lib/action_controller/session/cookie_store.rb:93:in `call'
    C:/Ruby19/lib/ruby/gems/1.9.1/gems/actionpack-2.3.5/lib/action_controller/failsafe.rb:26:in `call'
    C:/Ruby19/lib/ruby/gems/1.9.1/gems/rack-1.0.1/lib/rack/lock.rb:11:in `block in call'
    <internal:prelude>:8:in `synchronize'
    C:/Ruby19/lib/ruby/gems/1.9.1/gems/rack-1.0.1/lib/rack/lock.rb:11:in `call'
    C:/Ruby19/lib/ruby/gems/1.9.1/gems/actionpack-2.3.5/lib/action_controller/dispatcher.rb:114:in `block in call'
    C:/Ruby19/lib/ruby/gems/1.9.1/gems/actionpack-2.3.5/lib/action_controller/reloader.rb:34:in `run'
    C:/Ruby19/lib/ruby/gems/1.9.1/gems/actionpack-2.3.5/lib/action_controller/dispatcher.rb:108:in `call'
    C:/Ruby19/lib/ruby/gems/1.9.1/gems/rails-2.3.5/lib/rails/rack/static.rb:31:in `call'
    C:/Ruby19/lib/ruby/gems/1.9.1/gems/rack-1.0.1/lib/rack/urlmap.rb:46:in `block in call'
    C:/Ruby19/lib/ruby/gems/1.9.1/gems/rack-1.0.1/lib/rack/urlmap.rb:40:in `each'
    C:/Ruby19/lib/ruby/gems/1.9.1/gems/rack-1.0.1/lib/rack/urlmap.rb:40:in `call'
    C:/Ruby19/lib/ruby/gems/1.9.1/gems/rails-2.3.5/lib/rails/rack/log_tailer.rb:17:in `call'
    C:/Ruby19/lib/ruby/gems/1.9.1/gems/rack-1.0.1/lib/rack/content_length.rb:13:in `call'
    C:/Ruby19/lib/ruby/gems/1.9.1/gems/rack-1.0.1/lib/rack/handler/webrick.rb:50:in `service'
    C:/Ruby19/lib/ruby/1.9.1/webrick/httpserver.rb:111:in `service'
    C:/Ruby19/lib/ruby/1.9.1/webrick/httpserver.rb:70:in `run'
    C:/Ruby19/lib/ruby/1.9.1/webrick/server.rb:183:in `block in start_thread'
  [4;36;1mSQL (0.0ms)[0m   [0;1m SELECT name
 FROM sqlite_master
 WHERE type = 'table' AND NOT name = 'sqlite_sequence'
[0m
  [4;35;1mSQL (0.0ms)[0m   [0mselect sqlite_version(*)[0m
  [4;36;1mSQL (100.0ms)[0m   [0;1mCREATE TABLE "schema_migrations" ("version" varchar(255) NOT NULL) [0m
  [4;35;1mSQL (130.0ms)[0m   [0mCREATE UNIQUE INDEX "unique_schema_migrations" ON "schema_migrations" ("version")[0m
  [4;36;1mSQL (0.0ms)[0m   [0;1m SELECT name
 FROM sqlite_master
 WHERE type = 'table' AND NOT name = 'sqlite_sequence'
[0m
  [4;35;1mSQL (0.0ms)[0m   [0mSELECT version FROM schema_migrations[0m
Migrating to CreatePosts (20100420171457)
  [4;36;1mSQL (5.0ms)[0m   [0;1mCREATE TABLE "posts" ("id" INTEGER PRIMARY KEY AUTOINCREMENT NOT NULL, "title" varchar(255), "description" text, "created_at" datetime, "updated_at" datetime) [0m
  [4;35;1mSQL (0.0ms)[0m   [0mINSERT INTO schema_migrations (version) VALUES ('20100420171457')[0m
  [4;36;1mSQL (0.0ms)[0m   [0;1m SELECT name
 FROM sqlite_master
 WHERE type = 'table' AND NOT name = 'sqlite_sequence'
[0m
  [4;35;1mSQL (0.0ms)[0m   [0mSELECT version FROM schema_migrations[0m
  [4;36;1mSQL (5.0ms)[0m   [0;1m SELECT name
 FROM sqlite_master
 WHERE type = 'table' AND NOT name = 'sqlite_sequence'
[0m
  [4;35;1mSQL (0.0ms)[0m   [0mPRAGMA index_list("posts")[0m


Processing Rails::InfoController#properties (for 127.0.0.1 at 2010-04-20 19:19:13) [GET]
  [4;36;1mSQL (0.0ms)[0m   [0;1m SELECT name
 FROM sqlite_master
 WHERE type = 'table' AND NOT name = 'sqlite_sequence'
[0m
  [4;35;1mSQL (0.0ms)[0m   [0mSELECT version FROM schema_migrations[0m
Completed in 85ms (View: 15, DB: 0) | 200 OK [http://localhost/rails/info/properties]


Processing Rails::InfoController#properties (for 127.0.0.1 at 2010-04-21 01:33:02) [GET]
  [4;36;1mSQL (0.0ms)[0m   [0;1m SELECT name
 FROM sqlite_master
 WHERE type = 'table' AND NOT name = 'sqlite_sequence'
[0m
  [4;35;1mSQL (0.0ms)[0m   [0mSELECT version FROM schema_migrations[0m
Completed in 75ms (View: 15, DB: 0) | 200 OK [http://localhost/rails/info/properties]


Processing Rails::InfoController#properties (for 127.0.0.1 at 2010-04-26 21:14:00) [GET]
  [4;36;1mSQL (11.0ms)[0m   [0;1m SELECT name
 FROM sqlite_master
 WHERE type = 'table' AND NOT name = 'sqlite_sequence'
[0m
  [4;35;1mSQL (0.0ms)[0m   [0mSELECT version FROM schema_migrations[0m
Completed in 119ms (View: 17, DB: 11) | 200 OK [http://localhost/rails/info/properties]
